02:25:29 **** Incremental Build of configuration Debug for project Lab7 ****
make all 
Building target: Lab7.elf
Invoking: Cross ARM C++ Linker
arm-none-eabi-g++ -mcpu=cortex-m4 -mthumb -O0 -fmessage-length=0 -fsigned-char -ffunction-sections -fdata-sections  -g3 -T "C:/Users/Sienna/Documents/KinetisWorkSpace/Sienna-Rose-Price-Labs/Lab7/Project_Settings/Linker_Files/ProcessorExpert.ld" -Xlinker --gc-sections -L"C:/Users/Sienna/Documents/KinetisWorkSpace/Sienna-Rose-Price-Labs/Lab7/Project_Settings/Linker_Files" -Wl,-Map,"Lab7.map" -specs=nano.specs -specs=nosys.specs -o "Lab7.elf"  ./Sources/Events.o ./Sources/main.o  ./Project_Settings/Startup_Code/startup.o  ./Generated_Code/ASerialLdd1.o ./Generated_Code/BlueLED.o ./Generated_Code/Cpu.o ./Generated_Code/GreenLED.o ./Generated_Code/Inhr1.o ./Generated_Code/PE_LDD.o ./Generated_Code/PwmLdd1.o ./Generated_Code/PwmLdd2.o ./Generated_Code/PwmLdd3.o ./Generated_Code/RedLED.o ./Generated_Code/TU1.o ./Generated_Code/Term1.o ./Generated_Code/Vectors.o   
./Sources/main.o: In function `main':
C:\Users\Sienna\Documents\KinetisWorkSpace\Sienna-Rose-Price-Labs\Lab7\Debug/../Sources/main.c:82: undefined reference to `Term1_Moveto'
C:\Users\Sienna\Documents\KinetisWorkSpace\Sienna-Rose-Price-Labs\Lab7\Debug/../Sources/main.c:95: undefined reference to `Term1_ReadLine'
C:\Users\Sienna\Documents\KinetisWorkSpace\Sienna-Rose-Price-Labs\Lab7\Debug/../Sources/main.c:97: undefined reference to `PWM1_SetRatio8'
C:\Users\Sienna\Documents\KinetisWorkSpace\Sienna-Rose-Price-Labs\Lab7\Debug/../Sources/main.c:100: undefined reference to `PWM2_SetRatio8'
C:\Users\Sienna\Documents\KinetisWorkSpace\Sienna-Rose-Price-Labs\Lab7\Debug/../Sources/main.c:103: undefined reference to `PWM3_SetRatio8'
collect2.exe: error: ld returned 1 exit status
makefile:53: recipe for target 'Lab7.elf' failed
make: *** [Lab7.elf] Error 1
02:25:46 **** Incremental Build of configuration Debug for project Lab7 ****
make all 
Building target: Lab7.elf
Invoking: Cross ARM C++ Linker
arm-none-eabi-g++ -mcpu=cortex-m4 -mthumb -O0 -fmessage-length=0 -fsigned-char -ffunction-sections -fdata-sections  -g3 -T "C:/Users/Sienna/Documents/KinetisWorkSpace/Sienna-Rose-Price-Labs/Lab7/Project_Settings/Linker_Files/ProcessorExpert.ld" -Xlinker --gc-sections -L"C:/Users/Sienna/Documents/KinetisWorkSpace/Sienna-Rose-Price-Labs/Lab7/Project_Settings/Linker_Files" -Wl,-Map,"Lab7.map" -specs=nano.specs -specs=nosys.specs -o "Lab7.elf"  ./Sources/Events.o ./Sources/main.o  ./Project_Settings/Startup_Code/startup.o  ./Generated_Code/ASerialLdd1.o ./Generated_Code/BlueLED.o ./Generated_Code/Cpu.o ./Generated_Code/GreenLED.o ./Generated_Code/Inhr1.o ./Generated_Code/PE_LDD.o ./Generated_Code/PwmLdd1.o ./Generated_Code/PwmLdd2.o ./Generated_Code/PwmLdd3.o ./Generated_Code/RedLED.o ./Generated_Code/TU1.o ./Generated_Code/Term1.o ./Generated_Code/Vectors.o   
./Sources/main.o: In function `main':
C:\Users\Sienna\Documents\KinetisWorkSpace\Sienna-Rose-Price-Labs\Lab7\Debug/../Sources/main.c:82: undefined reference to `Term1_Moveto'
C:\Users\Sienna\Documents\KinetisWorkSpace\Sienna-Rose-Price-Labs\Lab7\Debug/../Sources/main.c:95: undefined reference to `Term1_ReadLine'
C:\Users\Sienna\Documents\KinetisWorkSpace\Sienna-Rose-Price-Labs\Lab7\Debug/../Sources/main.c:97: undefined reference to `PWM1_SetRatio8'
C:\Users\Sienna\Documents\KinetisWorkSpace\Sienna-Rose-Price-Labs\Lab7\Debug/../Sources/main.c:100: undefined reference to `PWM2_SetRatio8'
C:\Users\Sienna\Documents\KinetisWorkSpace\Sienna-Rose-Price-Labs\Lab7\Debug/../Sources/main.c:103: undefined reference to `PWM3_SetRatio8'
collect2.exe: error: ld returned 1 exit status
makefile:53: recipe for target 'Lab7.elf' failed
make: *** [Lab7.elf] Error 1
02:27:49 **** Build of configuration Debug for project Lab7 ****
make all 
Building target: Lab7.elf
Invoking: Cross ARM C++ Linker
arm-none-eabi-g++ -mcpu=cortex-m4 -mthumb -O0 -fmessage-length=0 -fsigned-char -ffunction-sections -fdata-sections  -g3 -T "C:/Users/Sienna/Documents/KinetisWorkSpace/Sienna-Rose-Price-Labs/Lab7/Project_Settings/Linker_Files/ProcessorExpert.ld" -Xlinker --gc-sections -L"C:/Users/Sienna/Documents/KinetisWorkSpace/Sienna-Rose-Price-Labs/Lab7/Project_Settings/Linker_Files" -Wl,-Map,"Lab7.map" -specs=nano.specs -specs=nosys.specs -o "Lab7.elf"  ./Sources/Events.o ./Sources/main.o  ./Project_Settings/Startup_Code/startup.o  ./Generated_Code/ASerialLdd1.o ./Generated_Code/BlueLED.o ./Generated_Code/Cpu.o ./Generated_Code/GreenLED.o ./Generated_Code/Inhr1.o ./Generated_Code/PE_LDD.o ./Generated_Code/PwmLdd1.o ./Generated_Code/PwmLdd2.o ./Generated_Code/PwmLdd3.o ./Generated_Code/RedLED.o ./Generated_Code/TU1.o ./Generated_Code/Term1.o ./Generated_Code/Vectors.o   
./Sources/main.o: In function `main':
C:\Users\Sienna\Documents\KinetisWorkSpace\Sienna-Rose-Price-Labs\Lab7\Debug/../Sources/main.c:82: undefined reference to `Term1_Moveto'
C:\Users\Sienna\Documents\KinetisWorkSpace\Sienna-Rose-Price-Labs\Lab7\Debug/../Sources/main.c:95: undefined reference to `Term1_ReadLine'
C:\Users\Sienna\Documents\KinetisWorkSpace\Sienna-Rose-Price-Labs\Lab7\Debug/../Sources/main.c:97: undefined reference to `PWM1_SetRatio8'
C:\Users\Sienna\Documents\KinetisWorkSpace\Sienna-Rose-Price-Labs\Lab7\Debug/../Sources/main.c:100: undefined reference to `PWM2_SetRatio8'
C:\Users\Sienna\Documents\KinetisWorkSpace\Sienna-Rose-Price-Labs\Lab7\Debug/../Sources/main.c:103: undefined reference to `PWM3_SetRatio8'
collect2.exe: error: ld returned 1 exit status
makefile:53: recipe for target 'Lab7.elf' failed
make: *** [Lab7.elf] Error 1
02:30:20 **** Incremental Build of configuration Debug for project Lab7 ****
make all 
Building file: ../Sources/Events.c
Invoking: Cross ARM C Compiler
arm-none-eabi-gcc -mcpu=cortex-m4 -mthumb -O0 -fmessage-length=0 -fsigned-char -ffunction-sections -fdata-sections  -g3 -I"C:/Users/Sienna/Documents/KinetisWorkSpace/Sienna-Rose-Price-Labs/Lab7/Static_Code/PDD" -I"C:/Users/Sienna/Documents/KinetisWorkSpace/Sienna-Rose-Price-Labs/Lab7/Static_Code/IO_Map" -I"C:/Users/Sienna/Documents/KinetisWorkSpace/Sienna-Rose-Price-Labs/Lab7/Sources" -I"C:/Users/Sienna/Documents/KinetisWorkSpace/Sienna-Rose-Price-Labs/Lab7/Generated_Code" -std=c99 -MMD -MP -MF"Sources/Events.d" -MT"Sources/Events.o" -c -o "Sources/Events.o" "../Sources/Events.c"
Finished building: ../Sources/Events.c
 
Building file: ../Sources/main.c
Invoking: Cross ARM C Compiler
arm-none-eabi-gcc -mcpu=cortex-m4 -mthumb -O0 -fmessage-length=0 -fsigned-char -ffunction-sections -fdata-sections  -g3 -I"C:/Users/Sienna/Documents/KinetisWorkSpace/Sienna-Rose-Price-Labs/Lab7/Static_Code/PDD" -I"C:/Users/Sienna/Documents/KinetisWorkSpace/Sienna-Rose-Price-Labs/Lab7/Static_Code/IO_Map" -I"C:/Users/Sienna/Documents/KinetisWorkSpace/Sienna-Rose-Price-Labs/Lab7/Sources" -I"C:/Users/Sienna/Documents/KinetisWorkSpace/Sienna-Rose-Price-Labs/Lab7/Generated_Code" -std=c99 -MMD -MP -MF"Sources/main.d" -MT"Sources/main.o" -c -o "Sources/main.o" "../Sources/main.c"
../Sources/main.c: In function 'main':
../Sources/main.c:82:1: warning: implicit declaration of function 'Term1_Moveto' [-Wimplicit-function-declaration]
 Term1_Moveto(1,10);
 ^
../Sources/main.c:96:4: warning: implicit declaration of function 'sscanf' [-Wimplicit-function-declaration]
    sscanf(buffer,"blue %i",&blueBright);
    ^
../Sources/main.c:96:4: warning: incompatible implicit declaration of built-in function 'sscanf' [enabled by default]
../Sources/main.c:97:4: warning: implicit declaration of function 'BlueLED_SetRatio8' [-Wimplicit-function-declaration]
    BlueLED_SetRatio8(blueBright);
    ^
../Sources/main.c:100:4: warning: implicit declaration of function 'RedLED_SetRatio8' [-Wimplicit-function-declaration]
    RedLED_SetRatio8(redBright);
    ^
../Sources/main.c:103:4: warning: implicit declaration of function 'GreenLED_SetRatio8' [-Wimplicit-function-declaration]
    GreenLED_SetRatio8(greenBright);
    ^
Finished building: ../Sources/main.c
 
Building file: ../Generated_Code/Cpu.c
Invoking: Cross ARM C Compiler
arm-none-eabi-gcc -mcpu=cortex-m4 -mthumb -O0 -fmessage-length=0 -fsigned-char -ffunction-sections -fdata-sections  -g3 -I"C:/Users/Sienna/Documents/KinetisWorkSpace/Sienna-Rose-Price-Labs/Lab7/Static_Code/PDD" -I"C:/Users/Sienna/Documents/KinetisWorkSpace/Sienna-Rose-Price-Labs/Lab7/Static_Code/IO_Map" -I"C:/Users/Sienna/Documents/KinetisWorkSpace/Sienna-Rose-Price-Labs/Lab7/Sources" -I"C:/Users/Sienna/Documents/KinetisWorkSpace/Sienna-Rose-Price-Labs/Lab7/Generated_Code" -std=c99 -MMD -MP -MF"Generated_Code/Cpu.d" -MT"Generated_Code/Cpu.o" -c -o "Generated_Code/Cpu.o" "../Generated_Code/Cpu.c"
Finished building: ../Generated_Code/Cpu.c
 
Building file: ../Generated_Code/Inhr1.c
Invoking: Cross ARM C Compiler
arm-none-eabi-gcc -mcpu=cortex-m4 -mthumb -O0 -fmessage-length=0 -fsigned-char -ffunction-sections -fdata-sections  -g3 -I"C:/Users/Sienna/Documents/KinetisWorkSpace/Sienna-Rose-Price-Labs/Lab7/Static_Code/PDD" -I"C:/Users/Sienna/Documents/KinetisWorkSpace/Sienna-Rose-Price-Labs/Lab7/Static_Code/IO_Map" -I"C:/Users/Sienna/Documents/KinetisWorkSpace/Sienna-Rose-Price-Labs/Lab7/Sources" -I"C:/Users/Sienna/Documents/KinetisWorkSpace/Sienna-Rose-Price-Labs/Lab7/Generated_Code" -std=c99 -MMD -MP -MF"Generated_Code/Inhr1.d" -MT"Generated_Code/Inhr1.o" -c -o "Generated_Code/Inhr1.o" "../Generated_Code/Inhr1.c"
Finished building: ../Generated_Code/Inhr1.c
 
Building file: ../Generated_Code/PE_LDD.c
Invoking: Cross ARM C Compiler
arm-none-eabi-gcc -mcpu=cortex-m4 -mthumb -O0 -fmessage-length=0 -fsigned-char -ffunction-sections -fdata-sections  -g3 -I"C:/Users/Sienna/Documents/KinetisWorkSpace/Sienna-Rose-Price-Labs/Lab7/Static_Code/PDD" -I"C:/Users/Sienna/Documents/KinetisWorkSpace/Sienna-Rose-Price-Labs/Lab7/Static_Code/IO_Map" -I"C:/Users/Sienna/Documents/KinetisWorkSpace/Sienna-Rose-Price-Labs/Lab7/Sources" -I"C:/Users/Sienna/Documents/KinetisWorkSpace/Sienna-Rose-Price-Labs/Lab7/Generated_Code" -std=c99 -MMD -MP -MF"Generated_Code/PE_LDD.d" -MT"Generated_Code/PE_LDD.o" -c -o "Generated_Code/PE_LDD.o" "../Generated_Code/PE_LDD.c"
Finished building: ../Generated_Code/PE_LDD.c
 
Building file: ../Generated_Code/Term1.c
Invoking: Cross ARM C Compiler
arm-none-eabi-gcc -mcpu=cortex-m4 -mthumb -O0 -fmessage-length=0 -fsigned-char -ffunction-sections -fdata-sections  -g3 -I"C:/Users/Sienna/Documents/KinetisWorkSpace/Sienna-Rose-Price-Labs/Lab7/Static_Code/PDD" -I"C:/Users/Sienna/Documents/KinetisWorkSpace/Sienna-Rose-Price-Labs/Lab7/Static_Code/IO_Map" -I"C:/Users/Sienna/Documents/KinetisWorkSpace/Sienna-Rose-Price-Labs/Lab7/Sources" -I"C:/Users/Sienna/Documents/KinetisWorkSpace/Sienna-Rose-Price-Labs/Lab7/Generated_Code" -std=c99 -MMD -MP -MF"Generated_Code/Term1.d" -MT"Generated_Code/Term1.o" -c -o "Generated_Code/Term1.o" "../Generated_Code/Term1.c"
Finished building: ../Generated_Code/Term1.c
 
Building file: ../Generated_Code/Vectors.c
Invoking: Cross ARM C Compiler
arm-none-eabi-gcc -mcpu=cortex-m4 -mthumb -O0 -fmessage-length=0 -fsigned-char -ffunction-sections -fdata-sections  -g3 -I"C:/Users/Sienna/Documents/KinetisWorkSpace/Sienna-Rose-Price-Labs/Lab7/Static_Code/PDD" -I"C:/Users/Sienna/Documents/KinetisWorkSpace/Sienna-Rose-Price-Labs/Lab7/Static_Code/IO_Map" -I"C:/Users/Sienna/Documents/KinetisWorkSpace/Sienna-Rose-Price-Labs/Lab7/Sources" -I"C:/Users/Sienna/Documents/KinetisWorkSpace/Sienna-Rose-Price-Labs/Lab7/Generated_Code" -std=c99 -MMD -MP -MF"Generated_Code/Vectors.d" -MT"Generated_Code/Vectors.o" -c -o "Generated_Code/Vectors.o" "../Generated_Code/Vectors.c"
Finished building: ../Generated_Code/Vectors.c
 
Building target: Lab7.elf
Invoking: Cross ARM C++ Linker
arm-none-eabi-g++ -mcpu=cortex-m4 -mthumb -O0 -fmessage-length=0 -fsigned-char -ffunction-sections -fdata-sections  -g3 -T "C:/Users/Sienna/Documents/KinetisWorkSpace/Sienna-Rose-Price-Labs/Lab7/Project_Settings/Linker_Files/ProcessorExpert.ld" -Xlinker --gc-sections -L"C:/Users/Sienna/Documents/KinetisWorkSpace/Sienna-Rose-Price-Labs/Lab7/Project_Settings/Linker_Files" -Wl,-Map,"Lab7.map" -specs=nano.specs -specs=nosys.specs -o "Lab7.elf"  ./Sources/Events.o ./Sources/main.o  ./Project_Settings/Startup_Code/startup.o  ./Generated_Code/ASerialLdd1.o ./Generated_Code/BlueLED.o ./Generated_Code/Cpu.o ./Generated_Code/GreenLED.o ./Generated_Code/Inhr1.o ./Generated_Code/PE_LDD.o ./Generated_Code/PwmLdd1.o ./Generated_Code/PwmLdd2.o ./Generated_Code/PwmLdd3.o ./Generated_Code/RedLED.o ./Generated_Code/TU1.o ./Generated_Code/Term1.o ./Generated_Code/Vectors.o   
./Sources/main.o: In function `main':
C:\Users\Sienna\Documents\KinetisWorkSpace\Sienna-Rose-Price-Labs\Lab7\Debug/../Sources/main.c:82: undefined reference to `Term1_Moveto'
C:\Users\Sienna\Documents\KinetisWorkSpace\Sienna-Rose-Price-Labs\Lab7\Debug/../Sources/main.c:97: undefined reference to `BlueLED_SetRatio8'
C:\Users\Sienna\Documents\KinetisWorkSpace\Sienna-Rose-Price-Labs\Lab7\Debug/../Sources/main.c:100: undefined reference to `RedLED_SetRatio8'
C:\Users\Sienna\Documents\KinetisWorkSpace\Sienna-Rose-Price-Labs\Lab7\Debug/../Sources/main.c:103: undefined reference to `GreenLED_SetRatio8'
collect2.exe: error: ld returned 1 exit status
makefile:53: recipe for target 'Lab7.elf' failed
make: *** [Lab7.elf] Error 1
02:30:40 **** Incremental Build of configuration Debug for project Lab7 ****
make all 
Building target: Lab7.elf
Invoking: Cross ARM C++ Linker
arm-none-eabi-g++ -mcpu=cortex-m4 -mthumb -O0 -fmessage-length=0 -fsigned-char -ffunction-sections -fdata-sections  -g3 -T "C:/Users/Sienna/Documents/KinetisWorkSpace/Sienna-Rose-Price-Labs/Lab7/Project_Settings/Linker_Files/ProcessorExpert.ld" -Xlinker --gc-sections -L"C:/Users/Sienna/Documents/KinetisWorkSpace/Sienna-Rose-Price-Labs/Lab7/Project_Settings/Linker_Files" -Wl,-Map,"Lab7.map" -specs=nano.specs -specs=nosys.specs -o "Lab7.elf"  ./Sources/Events.o ./Sources/main.o  ./Project_Settings/Startup_Code/startup.o  ./Generated_Code/ASerialLdd1.o ./Generated_Code/BlueLED.o ./Generated_Code/Cpu.o ./Generated_Code/GreenLED.o ./Generated_Code/Inhr1.o ./Generated_Code/PE_LDD.o ./Generated_Code/PwmLdd1.o ./Generated_Code/PwmLdd2.o ./Generated_Code/PwmLdd3.o ./Generated_Code/RedLED.o ./Generated_Code/TU1.o ./Generated_Code/Term1.o ./Generated_Code/Vectors.o   
./Sources/main.o: In function `main':
C:\Users\Sienna\Documents\KinetisWorkSpace\Sienna-Rose-Price-Labs\Lab7\Debug/../Sources/main.c:82: undefined reference to `Term1_Moveto'
C:\Users\Sienna\Documents\KinetisWorkSpace\Sienna-Rose-Price-Labs\Lab7\Debug/../Sources/main.c:97: undefined reference to `BlueLED_SetRatio8'
C:\Users\Sienna\Documents\KinetisWorkSpace\Sienna-Rose-Price-Labs\Lab7\Debug/../Sources/main.c:100: undefined reference to `RedLED_SetRatio8'
C:\Users\Sienna\Documents\KinetisWorkSpace\Sienna-Rose-Price-Labs\Lab7\Debug/../Sources/main.c:103: undefined reference to `GreenLED_SetRatio8'
collect2.exe: error: ld returned 1 exit status
makefile:53: recipe for target 'Lab7.elf' failed
make: *** [Lab7.elf] Error 1
02:30:54 **** Incremental Build of configuration Debug for project Lab7 ****
make all 
Building target: Lab7.elf
Invoking: Cross ARM C++ Linker
arm-none-eabi-g++ -mcpu=cortex-m4 -mthumb -O0 -fmessage-length=0 -fsigned-char -ffunction-sections -fdata-sections  -g3 -T "C:/Users/Sienna/Documents/KinetisWorkSpace/Sienna-Rose-Price-Labs/Lab7/Project_Settings/Linker_Files/ProcessorExpert.ld" -Xlinker --gc-sections -L"C:/Users/Sienna/Documents/KinetisWorkSpace/Sienna-Rose-Price-Labs/Lab7/Project_Settings/Linker_Files" -Wl,-Map,"Lab7.map" -specs=nano.specs -specs=nosys.specs -o "Lab7.elf"  ./Sources/Events.o ./Sources/main.o  ./Project_Settings/Startup_Code/startup.o  ./Generated_Code/ASerialLdd1.o ./Generated_Code/BlueLED.o ./Generated_Code/Cpu.o ./Generated_Code/GreenLED.o ./Generated_Code/Inhr1.o ./Generated_Code/PE_LDD.o ./Generated_Code/PwmLdd1.o ./Generated_Code/PwmLdd2.o ./Generated_Code/PwmLdd3.o ./Generated_Code/RedLED.o ./Generated_Code/TU1.o ./Generated_Code/Term1.o ./Generated_Code/Vectors.o   
./Sources/main.o: In function `main':
C:\Users\Sienna\Documents\KinetisWorkSpace\Sienna-Rose-Price-Labs\Lab7\Debug/../Sources/main.c:82: undefined reference to `Term1_Moveto'
C:\Users\Sienna\Documents\KinetisWorkSpace\Sienna-Rose-Price-Labs\Lab7\Debug/../Sources/main.c:97: undefined reference to `BlueLED_SetRatio8'
C:\Users\Sienna\Documents\KinetisWorkSpace\Sienna-Rose-Price-Labs\Lab7\Debug/../Sources/main.c:100: undefined reference to `RedLED_SetRatio8'
C:\Users\Sienna\Documents\KinetisWorkSpace\Sienna-Rose-Price-Labs\Lab7\Debug/../Sources/main.c:103: undefined reference to `GreenLED_SetRatio8'
collect2.exe: error: ld returned 1 exit status
makefile:53: recipe for target 'Lab7.elf' failed
make: *** [Lab7.elf] Error 1
02:31:19 **** Incremental Build of configuration Debug for project Lab7 ****
make all 
Building target: Lab7.elf
Invoking: Cross ARM C++ Linker
arm-none-eabi-g++ -mcpu=cortex-m4 -mthumb -O0 -fmessage-length=0 -fsigned-char -ffunction-sections -fdata-sections  -g3 -T "C:/Users/Sienna/Documents/KinetisWorkSpace/Sienna-Rose-Price-Labs/Lab7/Project_Settings/Linker_Files/ProcessorExpert.ld" -Xlinker --gc-sections -L"C:/Users/Sienna/Documents/KinetisWorkSpace/Sienna-Rose-Price-Labs/Lab7/Project_Settings/Linker_Files" -Wl,-Map,"Lab7.map" -specs=nano.specs -specs=nosys.specs -o "Lab7.elf"  ./Sources/Events.o ./Sources/main.o  ./Project_Settings/Startup_Code/startup.o  ./Generated_Code/ASerialLdd1.o ./Generated_Code/BlueLED.o ./Generated_Code/Cpu.o ./Generated_Code/GreenLED.o ./Generated_Code/Inhr1.o ./Generated_Code/PE_LDD.o ./Generated_Code/PwmLdd1.o ./Generated_Code/PwmLdd2.o ./Generated_Code/PwmLdd3.o ./Generated_Code/RedLED.o ./Generated_Code/TU1.o ./Generated_Code/Term1.o ./Generated_Code/Vectors.o   
./Sources/main.o: In function `main':
C:\Users\Sienna\Documents\KinetisWorkSpace\Sienna-Rose-Price-Labs\Lab7\Debug/../Sources/main.c:82: undefined reference to `Term1_Moveto'
C:\Users\Sienna\Documents\KinetisWorkSpace\Sienna-Rose-Price-Labs\Lab7\Debug/../Sources/main.c:97: undefined reference to `BlueLED_SetRatio8'
C:\Users\Sienna\Documents\KinetisWorkSpace\Sienna-Rose-Price-Labs\Lab7\Debug/../Sources/main.c:100: undefined reference to `RedLED_SetRatio8'
C:\Users\Sienna\Documents\KinetisWorkSpace\Sienna-Rose-Price-Labs\Lab7\Debug/../Sources/main.c:103: undefined reference to `GreenLED_SetRatio8'
collect2.exe: error: ld returned 1 exit status
makefile:53: recipe for target 'Lab7.elf' failed
make: *** [Lab7.elf] Error 1
02:31:33 **** Incremental Build of configuration Debug for project Lab7 ****
make all 
Building file: ../Sources/Events.c
Invoking: Cross ARM C Compiler
arm-none-eabi-gcc -mcpu=cortex-m4 -mthumb -O0 -fmessage-length=0 -fsigned-char -ffunction-sections -fdata-sections  -g3 -I"C:/Users/Sienna/Documents/KinetisWorkSpace/Sienna-Rose-Price-Labs/Lab7/Static_Code/PDD" -I"C:/Users/Sienna/Documents/KinetisWorkSpace/Sienna-Rose-Price-Labs/Lab7/Static_Code/IO_Map" -I"C:/Users/Sienna/Documents/KinetisWorkSpace/Sienna-Rose-Price-Labs/Lab7/Sources" -I"C:/Users/Sienna/Documents/KinetisWorkSpace/Sienna-Rose-Price-Labs/Lab7/Generated_Code" -std=c99 -MMD -MP -MF"Sources/Events.d" -MT"Sources/Events.o" -c -o "Sources/Events.o" "../Sources/Events.c"
Finished building: ../Sources/Events.c
 
Building file: ../Sources/main.c
Invoking: Cross ARM C Compiler
arm-none-eabi-gcc -mcpu=cortex-m4 -mthumb -O0 -fmessage-length=0 -fsigned-char -ffunction-sections -fdata-sections  -g3 -I"C:/Users/Sienna/Documents/KinetisWorkSpace/Sienna-Rose-Price-Labs/Lab7/Static_Code/PDD" -I"C:/Users/Sienna/Documents/KinetisWorkSpace/Sienna-Rose-Price-Labs/Lab7/Static_Code/IO_Map" -I"C:/Users/Sienna/Documents/KinetisWorkSpace/Sienna-Rose-Price-Labs/Lab7/Sources" -I"C:/Users/Sienna/Documents/KinetisWorkSpace/Sienna-Rose-Price-Labs/Lab7/Generated_Code" -std=c99 -MMD -MP -MF"Sources/main.d" -MT"Sources/main.o" -c -o "Sources/main.o" "../Sources/main.c"
../Sources/main.c: In function 'main':
../Sources/main.c:82:1: warning: implicit declaration of function 'Term1_Moveto' [-Wimplicit-function-declaration]
 Term1_Moveto(1,10);
 ^
../Sources/main.c:96:4: warning: implicit declaration of function 'sscanf' [-Wimplicit-function-declaration]
    sscanf(buffer,"blue %i",&blueBright);
    ^
../Sources/main.c:96:4: warning: incompatible implicit declaration of built-in function 'sscanf' [enabled by default]
Finished building: ../Sources/main.c
 
Building file: ../Generated_Code/BlueLED.c
Invoking: Cross ARM C Compiler
arm-none-eabi-gcc -mcpu=cortex-m4 -mthumb -O0 -fmessage-length=0 -fsigned-char -ffunction-sections -fdata-sections  -g3 -I"C:/Users/Sienna/Documents/KinetisWorkSpace/Sienna-Rose-Price-Labs/Lab7/Static_Code/PDD" -I"C:/Users/Sienna/Documents/KinetisWorkSpace/Sienna-Rose-Price-Labs/Lab7/Static_Code/IO_Map" -I"C:/Users/Sienna/Documents/KinetisWorkSpace/Sienna-Rose-Price-Labs/Lab7/Sources" -I"C:/Users/Sienna/Documents/KinetisWorkSpace/Sienna-Rose-Price-Labs/Lab7/Generated_Code" -std=c99 -MMD -MP -MF"Generated_Code/BlueLED.d" -MT"Generated_Code/BlueLED.o" -c -o "Generated_Code/BlueLED.o" "../Generated_Code/BlueLED.c"
Finished building: ../Generated_Code/BlueLED.c
 
Building file: ../Generated_Code/Cpu.c
Invoking: Cross ARM C Compiler
arm-none-eabi-gcc -mcpu=cortex-m4 -mthumb -O0 -fmessage-length=0 -fsigned-char -ffunction-sections -fdata-sections  -g3 -I"C:/Users/Sienna/Documents/KinetisWorkSpace/Sienna-Rose-Price-Labs/Lab7/Static_Code/PDD" -I"C:/Users/Sienna/Documents/KinetisWorkSpace/Sienna-Rose-Price-Labs/Lab7/Static_Code/IO_Map" -I"C:/Users/Sienna/Documents/KinetisWorkSpace/Sienna-Rose-Price-Labs/Lab7/Sources" -I"C:/Users/Sienna/Documents/KinetisWorkSpace/Sienna-Rose-Price-Labs/Lab7/Generated_Code" -std=c99 -MMD -MP -MF"Generated_Code/Cpu.d" -MT"Generated_Code/Cpu.o" -c -o "Generated_Code/Cpu.o" "../Generated_Code/Cpu.c"
Finished building: ../Generated_Code/Cpu.c
 
Building file: ../Generated_Code/GreenLED.c
Invoking: Cross ARM C Compiler
arm-none-eabi-gcc -mcpu=cortex-m4 -mthumb -O0 -fmessage-length=0 -fsigned-char -ffunction-sections -fdata-sections  -g3 -I"C:/Users/Sienna/Documents/KinetisWorkSpace/Sienna-Rose-Price-Labs/Lab7/Static_Code/PDD" -I"C:/Users/Sienna/Documents/KinetisWorkSpace/Sienna-Rose-Price-Labs/Lab7/Static_Code/IO_Map" -I"C:/Users/Sienna/Documents/KinetisWorkSpace/Sienna-Rose-Price-Labs/Lab7/Sources" -I"C:/Users/Sienna/Documents/KinetisWorkSpace/Sienna-Rose-Price-Labs/Lab7/Generated_Code" -std=c99 -MMD -MP -MF"Generated_Code/GreenLED.d" -MT"Generated_Code/GreenLED.o" -c -o "Generated_Code/GreenLED.o" "../Generated_Code/GreenLED.c"
Finished building: ../Generated_Code/GreenLED.c
 
Building file: ../Generated_Code/Inhr1.c
Invoking: Cross ARM C Compiler
arm-none-eabi-gcc -mcpu=cortex-m4 -mthumb -O0 -fmessage-length=0 -fsigned-char -ffunction-sections -fdata-sections  -g3 -I"C:/Users/Sienna/Documents/KinetisWorkSpace/Sienna-Rose-Price-Labs/Lab7/Static_Code/PDD" -I"C:/Users/Sienna/Documents/KinetisWorkSpace/Sienna-Rose-Price-Labs/Lab7/Static_Code/IO_Map" -I"C:/Users/Sienna/Documents/KinetisWorkSpace/Sienna-Rose-Price-Labs/Lab7/Sources" -I"C:/Users/Sienna/Documents/KinetisWorkSpace/Sienna-Rose-Price-Labs/Lab7/Generated_Code" -std=c99 -MMD -MP -MF"Generated_Code/Inhr1.d" -MT"Generated_Code/Inhr1.o" -c -o "Generated_Code/Inhr1.o" "../Generated_Code/Inhr1.c"
Finished building: ../Generated_Code/Inhr1.c
 
Building file: ../Generated_Code/PE_LDD.c
Invoking: Cross ARM C Compiler
arm-none-eabi-gcc -mcpu=cortex-m4 -mthumb -O0 -fmessage-length=0 -fsigned-char -ffunction-sections -fdata-sections  -g3 -I"C:/Users/Sienna/Documents/KinetisWorkSpace/Sienna-Rose-Price-Labs/Lab7/Static_Code/PDD" -I"C:/Users/Sienna/Documents/KinetisWorkSpace/Sienna-Rose-Price-Labs/Lab7/Static_Code/IO_Map" -I"C:/Users/Sienna/Documents/KinetisWorkSpace/Sienna-Rose-Price-Labs/Lab7/Sources" -I"C:/Users/Sienna/Documents/KinetisWorkSpace/Sienna-Rose-Price-Labs/Lab7/Generated_Code" -std=c99 -MMD -MP -MF"Generated_Code/PE_LDD.d" -MT"Generated_Code/PE_LDD.o" -c -o "Generated_Code/PE_LDD.o" "../Generated_Code/PE_LDD.c"
Finished building: ../Generated_Code/PE_LDD.c
 
Building file: ../Generated_Code/PwmLdd1.c
Invoking: Cross ARM C Compiler
arm-none-eabi-gcc -mcpu=cortex-m4 -mthumb -O0 -fmessage-length=0 -fsigned-char -ffunction-sections -fdata-sections  -g3 -I"C:/Users/Sienna/Documents/KinetisWorkSpace/Sienna-Rose-Price-Labs/Lab7/Static_Code/PDD" -I"C:/Users/Sienna/Documents/KinetisWorkSpace/Sienna-Rose-Price-Labs/Lab7/Static_Code/IO_Map" -I"C:/Users/Sienna/Documents/KinetisWorkSpace/Sienna-Rose-Price-Labs/Lab7/Sources" -I"C:/Users/Sienna/Documents/KinetisWorkSpace/Sienna-Rose-Price-Labs/Lab7/Generated_Code" -std=c99 -MMD -MP -MF"Generated_Code/PwmLdd1.d" -MT"Generated_Code/PwmLdd1.o" -c -o "Generated_Code/PwmLdd1.o" "../Generated_Code/PwmLdd1.c"
Finished building: ../Generated_Code/PwmLdd1.c
 
Building file: ../Generated_Code/PwmLdd2.c
Invoking: Cross ARM C Compiler
arm-none-eabi-gcc -mcpu=cortex-m4 -mthumb -O0 -fmessage-length=0 -fsigned-char -ffunction-sections -fdata-sections  -g3 -I"C:/Users/Sienna/Documents/KinetisWorkSpace/Sienna-Rose-Price-Labs/Lab7/Static_Code/PDD" -I"C:/Users/Sienna/Documents/KinetisWorkSpace/Sienna-Rose-Price-Labs/Lab7/Static_Code/IO_Map" -I"C:/Users/Sienna/Documents/KinetisWorkSpace/Sienna-Rose-Price-Labs/Lab7/Sources" -I"C:/Users/Sienna/Documents/KinetisWorkSpace/Sienna-Rose-Price-Labs/Lab7/Generated_Code" -std=c99 -MMD -MP -MF"Generated_Code/PwmLdd2.d" -MT"Generated_Code/PwmLdd2.o" -c -o "Generated_Code/PwmLdd2.o" "../Generated_Code/PwmLdd2.c"
Finished building: ../Generated_Code/PwmLdd2.c
 
Building file: ../Generated_Code/PwmLdd3.c
Invoking: Cross ARM C Compiler
arm-none-eabi-gcc -mcpu=cortex-m4 -mthumb -O0 -fmessage-length=0 -fsigned-char -ffunction-sections -fdata-sections  -g3 -I"C:/Users/Sienna/Documents/KinetisWorkSpace/Sienna-Rose-Price-Labs/Lab7/Static_Code/PDD" -I"C:/Users/Sienna/Documents/KinetisWorkSpace/Sienna-Rose-Price-Labs/Lab7/Static_Code/IO_Map" -I"C:/Users/Sienna/Documents/KinetisWorkSpace/Sienna-Rose-Price-Labs/Lab7/Sources" -I"C:/Users/Sienna/Documents/KinetisWorkSpace/Sienna-Rose-Price-Labs/Lab7/Generated_Code" -std=c99 -MMD -MP -MF"Generated_Code/PwmLdd3.d" -MT"Generated_Code/PwmLdd3.o" -c -o "Generated_Code/PwmLdd3.o" "../Generated_Code/PwmLdd3.c"
Finished building: ../Generated_Code/PwmLdd3.c
 
Building file: ../Generated_Code/RedLED.c
Invoking: Cross ARM C Compiler
arm-none-eabi-gcc -mcpu=cortex-m4 -mthumb -O0 -fmessage-length=0 -fsigned-char -ffunction-sections -fdata-sections  -g3 -I"C:/Users/Sienna/Documents/KinetisWorkSpace/Sienna-Rose-Price-Labs/Lab7/Static_Code/PDD" -I"C:/Users/Sienna/Documents/KinetisWorkSpace/Sienna-Rose-Price-Labs/Lab7/Static_Code/IO_Map" -I"C:/Users/Sienna/Documents/KinetisWorkSpace/Sienna-Rose-Price-Labs/Lab7/Sources" -I"C:/Users/Sienna/Documents/KinetisWorkSpace/Sienna-Rose-Price-Labs/Lab7/Generated_Code" -std=c99 -MMD -MP -MF"Generated_Code/RedLED.d" -MT"Generated_Code/RedLED.o" -c -o "Generated_Code/RedLED.o" "../Generated_Code/RedLED.c"
Finished building: ../Generated_Code/RedLED.c
 
Building file: ../Generated_Code/Vectors.c
Invoking: Cross ARM C Compiler
arm-none-eabi-gcc -mcpu=cortex-m4 -mthumb -O0 -fmessage-length=0 -fsigned-char -ffunction-sections -fdata-sections  -g3 -I"C:/Users/Sienna/Documents/KinetisWorkSpace/Sienna-Rose-Price-Labs/Lab7/Static_Code/PDD" -I"C:/Users/Sienna/Documents/KinetisWorkSpace/Sienna-Rose-Price-Labs/Lab7/Static_Code/IO_Map" -I"C:/Users/Sienna/Documents/KinetisWorkSpace/Sienna-Rose-Price-Labs/Lab7/Sources" -I"C:/Users/Sienna/Documents/KinetisWorkSpace/Sienna-Rose-Price-Labs/Lab7/Generated_Code" -std=c99 -MMD -MP -MF"Generated_Code/Vectors.d" -MT"Generated_Code/Vectors.o" -c -o "Generated_Code/Vectors.o" "../Generated_Code/Vectors.c"
Finished building: ../Generated_Code/Vectors.c
 
Building target: Lab7.elf
Invoking: Cross ARM C++ Linker
arm-none-eabi-g++ -mcpu=cortex-m4 -mthumb -O0 -fmessage-length=0 -fsigned-char -ffunction-sections -fdata-sections  -g3 -T "C:/Users/Sienna/Documents/KinetisWorkSpace/Sienna-Rose-Price-Labs/Lab7/Project_Settings/Linker_Files/ProcessorExpert.ld" -Xlinker --gc-sections -L"C:/Users/Sienna/Documents/KinetisWorkSpace/Sienna-Rose-Price-Labs/Lab7/Project_Settings/Linker_Files" -Wl,-Map,"Lab7.map" -specs=nano.specs -specs=nosys.specs -o "Lab7.elf"  ./Sources/Events.o ./Sources/main.o  ./Project_Settings/Startup_Code/startup.o  ./Generated_Code/ASerialLdd1.o ./Generated_Code/BlueLED.o ./Generated_Code/Cpu.o ./Generated_Code/GreenLED.o ./Generated_Code/Inhr1.o ./Generated_Code/PE_LDD.o ./Generated_Code/PwmLdd1.o ./Generated_Code/PwmLdd2.o ./Generated_Code/PwmLdd3.o ./Generated_Code/RedLED.o ./Generated_Code/TU1.o ./Generated_Code/Term1.o ./Generated_Code/Vectors.o   
./Sources/main.o: In function `main':
C:\Users\Sienna\Documents\KinetisWorkSpace\Sienna-Rose-Price-Labs\Lab7\Debug/../Sources/main.c:82: undefined reference to `Term1_Moveto'
collect2.exe: error: ld returned 1 exit status
makefile:53: recipe for target 'Lab7.elf' failed
make: *** [Lab7.elf] Error 1
02:31:40 **** Incremental Build of configuration Debug for project Lab7 ****
make all 
Building target: Lab7.elf
Invoking: Cross ARM C++ Linker
arm-none-eabi-g++ -mcpu=cortex-m4 -mthumb -O0 -fmessage-length=0 -fsigned-char -ffunction-sections -fdata-sections  -g3 -T "C:/Users/Sienna/Documents/KinetisWorkSpace/Sienna-Rose-Price-Labs/Lab7/Project_Settings/Linker_Files/ProcessorExpert.ld" -Xlinker --gc-sections -L"C:/Users/Sienna/Documents/KinetisWorkSpace/Sienna-Rose-Price-Labs/Lab7/Project_Settings/Linker_Files" -Wl,-Map,"Lab7.map" -specs=nano.specs -specs=nosys.specs -o "Lab7.elf"  ./Sources/Events.o ./Sources/main.o  ./Project_Settings/Startup_Code/startup.o  ./Generated_Code/ASerialLdd1.o ./Generated_Code/BlueLED.o ./Generated_Code/Cpu.o ./Generated_Code/GreenLED.o ./Generated_Code/Inhr1.o ./Generated_Code/PE_LDD.o ./Generated_Code/PwmLdd1.o ./Generated_Code/PwmLdd2.o ./Generated_Code/PwmLdd3.o ./Generated_Code/RedLED.o ./Generated_Code/TU1.o ./Generated_Code/Term1.o ./Generated_Code/Vectors.o   
./Sources/main.o: In function `main':
C:\Users\Sienna\Documents\KinetisWorkSpace\Sienna-Rose-Price-Labs\Lab7\Debug/../Sources/main.c:82: undefined reference to `Term1_Moveto'
collect2.exe: error: ld returned 1 exit status
makefile:53: recipe for target 'Lab7.elf' failed
make: *** [Lab7.elf] Error 1
02:34:24 **** Incremental Build of configuration Debug for project Lab7 ****
make all 
Building file: ../Sources/Events.c
Invoking: Cross ARM C Compiler
arm-none-eabi-gcc -mcpu=cortex-m4 -mthumb -O0 -fmessage-length=0 -fsigned-char -ffunction-sections -fdata-sections  -g3 -I"C:/Users/Sienna/Documents/KinetisWorkSpace/Sienna-Rose-Price-Labs/Lab7/Static_Code/PDD" -I"C:/Users/Sienna/Documents/KinetisWorkSpace/Sienna-Rose-Price-Labs/Lab7/Static_Code/IO_Map" -I"C:/Users/Sienna/Documents/KinetisWorkSpace/Sienna-Rose-Price-Labs/Lab7/Sources" -I"C:/Users/Sienna/Documents/KinetisWorkSpace/Sienna-Rose-Price-Labs/Lab7/Generated_Code" -std=c99 -MMD -MP -MF"Sources/Events.d" -MT"Sources/Events.o" -c -o "Sources/Events.o" "../Sources/Events.c"
Finished building: ../Sources/Events.c
 
Building file: ../Sources/main.c
Invoking: Cross ARM C Compiler
arm-none-eabi-gcc -mcpu=cortex-m4 -mthumb -O0 -fmessage-length=0 -fsigned-char -ffunction-sections -fdata-sections  -g3 -I"C:/Users/Sienna/Documents/KinetisWorkSpace/Sienna-Rose-Price-Labs/Lab7/Static_Code/PDD" -I"C:/Users/Sienna/Documents/KinetisWorkSpace/Sienna-Rose-Price-Labs/Lab7/Static_Code/IO_Map" -I"C:/Users/Sienna/Documents/KinetisWorkSpace/Sienna-Rose-Price-Labs/Lab7/Sources" -I"C:/Users/Sienna/Documents/KinetisWorkSpace/Sienna-Rose-Price-Labs/Lab7/Generated_Code" -std=c99 -MMD -MP -MF"Sources/main.d" -MT"Sources/main.o" -c -o "Sources/main.o" "../Sources/main.c"
../Sources/main.c: In function 'main':
../Sources/main.c:96:4: warning: implicit declaration of function 'sscanf' [-Wimplicit-function-declaration]
    sscanf(buffer,"blue %i",&blueBright);
    ^
../Sources/main.c:96:4: warning: incompatible implicit declaration of built-in function 'sscanf' [enabled by default]
Finished building: ../Sources/main.c
 
Building file: ../Generated_Code/ASerialLdd1.c
Invoking: Cross ARM C Compiler
arm-none-eabi-gcc -mcpu=cortex-m4 -mthumb -O0 -fmessage-length=0 -fsigned-char -ffunction-sections -fdata-sections  -g3 -I"C:/Users/Sienna/Documents/KinetisWorkSpace/Sienna-Rose-Price-Labs/Lab7/Static_Code/PDD" -I"C:/Users/Sienna/Documents/KinetisWorkSpace/Sienna-Rose-Price-Labs/Lab7/Static_Code/IO_Map" -I"C:/Users/Sienna/Documents/KinetisWorkSpace/Sienna-Rose-Price-Labs/Lab7/Sources" -I"C:/Users/Sienna/Documents/KinetisWorkSpace/Sienna-Rose-Price-Labs/Lab7/Generated_Code" -std=c99 -MMD -MP -MF"Generated_Code/ASerialLdd1.d" -MT"Generated_Code/ASerialLdd1.o" -c -o "Generated_Code/ASerialLdd1.o" "../Generated_Code/ASerialLdd1.c"
Finished building: ../Generated_Code/ASerialLdd1.c
 
Building file: ../Generated_Code/Cpu.c
Invoking: Cross ARM C Compiler
arm-none-eabi-gcc -mcpu=cortex-m4 -mthumb -O0 -fmessage-length=0 -fsigned-char -ffunction-sections -fdata-sections  -g3 -I"C:/Users/Sienna/Documents/KinetisWorkSpace/Sienna-Rose-Price-Labs/Lab7/Static_Code/PDD" -I"C:/Users/Sienna/Documents/KinetisWorkSpace/Sienna-Rose-Price-Labs/Lab7/Static_Code/IO_Map" -I"C:/Users/Sienna/Documents/KinetisWorkSpace/Sienna-Rose-Price-Labs/Lab7/Sources" -I"C:/Users/Sienna/Documents/KinetisWorkSpace/Sienna-Rose-Price-Labs/Lab7/Generated_Code" -std=c99 -MMD -MP -MF"Generated_Code/Cpu.d" -MT"Generated_Code/Cpu.o" -c -o "Generated_Code/Cpu.o" "../Generated_Code/Cpu.c"
Finished building: ../Generated_Code/Cpu.c
 
Building file: ../Generated_Code/Inhr1.c
Invoking: Cross ARM C Compiler
arm-none-eabi-gcc -mcpu=cortex-m4 -mthumb -O0 -fmessage-length=0 -fsigned-char -ffunction-sections -fdata-sections  -g3 -I"C:/Users/Sienna/Documents/KinetisWorkSpace/Sienna-Rose-Price-Labs/Lab7/Static_Code/PDD" -I"C:/Users/Sienna/Documents/KinetisWorkSpace/Sienna-Rose-Price-Labs/Lab7/Static_Code/IO_Map" -I"C:/Users/Sienna/Documents/KinetisWorkSpace/Sienna-Rose-Price-Labs/Lab7/Sources" -I"C:/Users/Sienna/Documents/KinetisWorkSpace/Sienna-Rose-Price-Labs/Lab7/Generated_Code" -std=c99 -MMD -MP -MF"Generated_Code/Inhr1.d" -MT"Generated_Code/Inhr1.o" -c -o "Generated_Code/Inhr1.o" "../Generated_Code/Inhr1.c"
Finished building: ../Generated_Code/Inhr1.c
 
Building file: ../Generated_Code/PE_LDD.c
Invoking: Cross ARM C Compiler
arm-none-eabi-gcc -mcpu=cortex-m4 -mthumb -O0 -fmessage-length=0 -fsigned-char -ffunction-sections -fdata-sections  -g3 -I"C:/Users/Sienna/Documents/KinetisWorkSpace/Sienna-Rose-Price-Labs/Lab7/Static_Code/PDD" -I"C:/Users/Sienna/Documents/KinetisWorkSpace/Sienna-Rose-Price-Labs/Lab7/Static_Code/IO_Map" -I"C:/Users/Sienna/Documents/KinetisWorkSpace/Sienna-Rose-Price-Labs/Lab7/Sources" -I"C:/Users/Sienna/Documents/KinetisWorkSpace/Sienna-Rose-Price-Labs/Lab7/Generated_Code" -std=c99 -MMD -MP -MF"Generated_Code/PE_LDD.d" -MT"Generated_Code/PE_LDD.o" -c -o "Generated_Code/PE_LDD.o" "../Generated_Code/PE_LDD.c"
Finished building: ../Generated_Code/PE_LDD.c
 
Building file: ../Generated_Code/Term1.c
Invoking: Cross ARM C Compiler
arm-none-eabi-gcc -mcpu=cortex-m4 -mthumb -O0 -fmessage-length=0 -fsigned-char -ffunction-sections -fdata-sections  -g3 -I"C:/Users/Sienna/Documents/KinetisWorkSpace/Sienna-Rose-Price-Labs/Lab7/Static_Code/PDD" -I"C:/Users/Sienna/Documents/KinetisWorkSpace/Sienna-Rose-Price-Labs/Lab7/Static_Code/IO_Map" -I"C:/Users/Sienna/Documents/KinetisWorkSpace/Sienna-Rose-Price-Labs/Lab7/Sources" -I"C:/Users/Sienna/Documents/KinetisWorkSpace/Sienna-Rose-Price-Labs/Lab7/Generated_Code" -std=c99 -MMD -MP -MF"Generated_Code/Term1.d" -MT"Generated_Code/Term1.o" -c -o "Generated_Code/Term1.o" "../Generated_Code/Term1.c"
Finished building: ../Generated_Code/Term1.c
 
Building file: ../Generated_Code/Vectors.c
Invoking: Cross ARM C Compiler
arm-none-eabi-gcc -mcpu=cortex-m4 -mthumb -O0 -fmessage-length=0 -fsigned-char -ffunction-sections -fdata-sections  -g3 -I"C:/Users/Sienna/Documents/KinetisWorkSpace/Sienna-Rose-Price-Labs/Lab7/Static_Code/PDD" -I"C:/Users/Sienna/Documents/KinetisWorkSpace/Sienna-Rose-Price-Labs/Lab7/Static_Code/IO_Map" -I"C:/Users/Sienna/Documents/KinetisWorkSpace/Sienna-Rose-Price-Labs/Lab7/Sources" -I"C:/Users/Sienna/Documents/KinetisWorkSpace/Sienna-Rose-Price-Labs/Lab7/Generated_Code" -std=c99 -MMD -MP -MF"Generated_Code/Vectors.d" -MT"Generated_Code/Vectors.o" -c -o "Generated_Code/Vectors.o" "../Generated_Code/Vectors.c"
Finished building: ../Generated_Code/Vectors.c
 
Building target: Lab7.elf
Invoking: Cross ARM C++ Linker
arm-none-eabi-g++ -mcpu=cortex-m4 -mthumb -O0 -fmessage-length=0 -fsigned-char -ffunction-sections -fdata-sections  -g3 -T "C:/Users/Sienna/Documents/KinetisWorkSpace/Sienna-Rose-Price-Labs/Lab7/Project_Settings/Linker_Files/ProcessorExpert.ld" -Xlinker --gc-sections -L"C:/Users/Sienna/Documents/KinetisWorkSpace/Sienna-Rose-Price-Labs/Lab7/Project_Settings/Linker_Files" -Wl,-Map,"Lab7.map" -specs=nano.specs -specs=nosys.specs -o "Lab7.elf"  ./Sources/Events.o ./Sources/main.o  ./Project_Settings/Startup_Code/startup.o  ./Generated_Code/ASerialLdd1.o ./Generated_Code/BlueLED.o ./Generated_Code/Cpu.o ./Generated_Code/GreenLED.o ./Generated_Code/Inhr1.o ./Generated_Code/PE_LDD.o ./Generated_Code/PwmLdd1.o ./Generated_Code/PwmLdd2.o ./Generated_Code/PwmLdd3.o ./Generated_Code/RedLED.o ./Generated_Code/TU1.o ./Generated_Code/Term1.o ./Generated_Code/Vectors.o   
Finished building target: Lab7.elf
 
02:36:16 **** Incremental Build of configuration Debug for project Lab7 ****
make all 
Building file: ../Sources/main.c
Invoking: Cross ARM C Compiler
arm-none-eabi-gcc -mcpu=cortex-m4 -mthumb -O0 -fmessage-length=0 -fsigned-char -ffunction-sections -fdata-sections  -g3 -I"C:/Users/Sienna/Documents/KinetisWorkSpace/Sienna-Rose-Price-Labs/Lab7/Static_Code/PDD" -I"C:/Users/Sienna/Documents/KinetisWorkSpace/Sienna-Rose-Price-Labs/Lab7/Static_Code/IO_Map" -I"C:/Users/Sienna/Documents/KinetisWorkSpace/Sienna-Rose-Price-Labs/Lab7/Sources" -I"C:/Users/Sienna/Documents/KinetisWorkSpace/Sienna-Rose-Price-Labs/Lab7/Generated_Code" -std=c99 -MMD -MP -MF"Sources/main.d" -MT"Sources/main.o" -c -o "Sources/main.o" "../Sources/main.c"
../Sources/main.c: In function 'main':
../Sources/main.c:96:4: warning: implicit declaration of function 'sscanf' [-Wimplicit-function-declaration]
    sscanf(buffer,"blue %i",&blueBright);
    ^
../Sources/main.c:96:4: warning: incompatible implicit declaration of built-in function 'sscanf' [enabled by default]
Finished building: ../Sources/main.c
 
Building target: Lab7.elf
Invoking: Cross ARM C++ Linker
arm-none-eabi-g++ -mcpu=cortex-m4 -mthumb -O0 -fmessage-length=0 -fsigned-char -ffunction-sections -fdata-sections  -g3 -T "C:/Users/Sienna/Documents/KinetisWorkSpace/Sienna-Rose-Price-Labs/Lab7/Project_Settings/Linker_Files/ProcessorExpert.ld" -Xlinker --gc-sections -L"C:/Users/Sienna/Documents/KinetisWorkSpace/Sienna-Rose-Price-Labs/Lab7/Project_Settings/Linker_Files" -Wl,-Map,"Lab7.map" -specs=nano.specs -specs=nosys.specs -o "Lab7.elf"  ./Sources/Events.o ./Sources/main.o  ./Project_Settings/Startup_Code/startup.o  ./Generated_Code/ASerialLdd1.o ./Generated_Code/BlueLED.o ./Generated_Code/Cpu.o ./Generated_Code/GreenLED.o ./Generated_Code/Inhr1.o ./Generated_Code/PE_LDD.o ./Generated_Code/PwmLdd1.o ./Generated_Code/PwmLdd2.o ./Generated_Code/PwmLdd3.o ./Generated_Code/RedLED.o ./Generated_Code/TU1.o ./Generated_Code/Term1.o ./Generated_Code/Vectors.o   
Finished building target: Lab7.elf
 
